This is pdfTeX, Version 3.14159265-2.6-1.40.18 (TeX Live 2017/W32TeX) (preloaded format=pdflatex 2018.1.28)  28 JAN 2018 10:21
entering extended mode
 restricted \write18 enabled.
 %&-line parsing enabled.
**./sftrends_manu.tex
(./sftrends_manu.tex
LaTeX2e <2017-04-15>
Babel <3.17> and hyphenation patterns for 3 language(s) loaded.

(c:/Users/Marcus.SCCWRP2K/AppData/Roaming/TinyTeX/texmf-dist/tex/latex/base/art
icle.cls
Document Class: article 2014/09/29 v1.4h Standard LaTeX document class

(c:/Users/Marcus.SCCWRP2K/AppData/Roaming/TinyTeX/texmf-dist/tex/latex/base/siz
e12.clo
File: size12.clo 2014/09/29 v1.4h Standard LaTeX file (size option)
)
\c@part=\count79
\c@section=\count80
\c@subsection=\count81
\c@subsubsection=\count82
\c@paragraph=\count83
\c@subparagraph=\count84
\c@figure=\count85
\c@table=\count86
\abovecaptionskip=\skip41
\belowcaptionskip=\skip42
\bibindent=\dimen102
)
(c:/Users/Marcus.SCCWRP2K/AppData/Roaming/TinyTeX/texmf-dist/tex/latex/graphics
/graphicx.sty
Package: graphicx 2017/06/01 v1.1a Enhanced LaTeX Graphics (DPC,SPQR)

(c:/Users/Marcus.SCCWRP2K/AppData/Roaming/TinyTeX/texmf-dist/tex/latex/graphics
/keyval.sty
Package: keyval 2014/10/28 v1.15 key=value parser (DPC)
\KV@toks@=\toks14
)
(c:/Users/Marcus.SCCWRP2K/AppData/Roaming/TinyTeX/texmf-dist/tex/latex/graphics
/graphics.sty
Package: graphics 2017/06/25 v1.2c Standard LaTeX Graphics (DPC,SPQR)

(c:/Users/Marcus.SCCWRP2K/AppData/Roaming/TinyTeX/texmf-dist/tex/latex/graphics
/trig.sty
Package: trig 2016/01/03 v1.10 sin cos tan (DPC)
)
(c:/Users/Marcus.SCCWRP2K/AppData/Roaming/TinyTeX/texmf-dist/tex/latex/graphics
-cfg/graphics.cfg
File: graphics.cfg 2016/06/04 v1.11 sample graphics configuration
)
Package graphics Info: Driver file: pdftex.def on input line 99.

(c:/Users/Marcus.SCCWRP2K/AppData/Roaming/TinyTeX/texmf-dist/tex/latex/graphics
-def/pdftex.def
File: pdftex.def 2018/01/08 v1.0l Graphics/color driver for pdftex
))
\Gin@req@height=\dimen103
\Gin@req@width=\dimen104
)
(c:/Users/Marcus.SCCWRP2K/AppData/Roaming/TinyTeX/texmf-dist/tex/latex/graphics
/color.sty
Package: color 2016/07/10 v1.1e Standard LaTeX Color (DPC)

(c:/Users/Marcus.SCCWRP2K/AppData/Roaming/TinyTeX/texmf-dist/tex/latex/graphics
-cfg/color.cfg
File: color.cfg 2016/01/02 v1.6 sample color configuration
)
Package color Info: Driver file: pdftex.def on input line 147.
)
(c:/Users/Marcus.SCCWRP2K/AppData/Roaming/TinyTeX/texmf-dist/tex/latex/framed/f
ramed.sty
Package: framed 2011/10/22 v 0.96: framed or shaded text with page breaks
\OuterFrameSep=\skip43
\fb@frw=\dimen105
\fb@frh=\dimen106
\FrameRule=\dimen107
\FrameSep=\dimen108
)
(c:/Users/Marcus.SCCWRP2K/AppData/Roaming/TinyTeX/texmf-dist/tex/latex/base/all
tt.sty
Package: alltt 1997/06/16 v2.0g defines alltt environment
)
(c:/Users/Marcus.SCCWRP2K/AppData/Roaming/TinyTeX/texmf-dist/tex/latex/geometry
/geometry.sty
Package: geometry 2010/09/12 v5.6 Page Geometry

(c:/Users/Marcus.SCCWRP2K/AppData/Roaming/TinyTeX/texmf-dist/tex/generic/oberdi
ek/ifpdf.sty
Package: ifpdf 2017/03/15 v3.2 Provides the ifpdf switch
)
(c:/Users/Marcus.SCCWRP2K/AppData/Roaming/TinyTeX/texmf-dist/tex/generic/oberdi
ek/ifvtex.sty
Package: ifvtex 2016/05/16 v1.6 Detect VTeX and its facilities (HO)
Package ifvtex Info: VTeX not detected.
)
(c:/Users/Marcus.SCCWRP2K/AppData/Roaming/TinyTeX/texmf-dist/tex/generic/ifxete
x/ifxetex.sty
Package: ifxetex 2010/09/12 v0.6 Provides ifxetex conditional
)
\Gm@cnth=\count87
\Gm@cntv=\count88
\c@Gm@tempcnt=\count89
\Gm@bindingoffset=\dimen109
\Gm@wd@mp=\dimen110
\Gm@odd@mp=\dimen111
\Gm@even@mp=\dimen112
\Gm@layoutwidth=\dimen113
\Gm@layoutheight=\dimen114
\Gm@layouthoffset=\dimen115
\Gm@layoutvoffset=\dimen116
\Gm@dimlist=\toks15
)
(c:/Users/Marcus.SCCWRP2K/AppData/Roaming/TinyTeX/texmf-dist/tex/latex/setspace
/setspace.sty
Package: setspace 2011/12/19 v6.7a set line spacing
)
(c:/Users/Marcus.SCCWRP2K/AppData/Roaming/TinyTeX/texmf-dist/tex/latex/hyperref
/hyperref.sty
Package: hyperref 2017/03/14 v6.85a Hypertext links for LaTeX

(c:/Users/Marcus.SCCWRP2K/AppData/Roaming/TinyTeX/texmf-dist/tex/generic/oberdi
ek/hobsub-hyperref.sty
Package: hobsub-hyperref 2016/05/16 v1.14 Bundle oberdiek, subset hyperref (HO)


(c:/Users/Marcus.SCCWRP2K/AppData/Roaming/TinyTeX/texmf-dist/tex/generic/oberdi
ek/hobsub-generic.sty
Package: hobsub-generic 2016/05/16 v1.14 Bundle oberdiek, subset generic (HO)
Package: hobsub 2016/05/16 v1.14 Construct package bundles (HO)
Package: infwarerr 2016/05/16 v1.4 Providing info/warning/error messages (HO)
Package: ltxcmds 2016/05/16 v1.23 LaTeX kernel commands for general use (HO)
Package: ifluatex 2016/05/16 v1.4 Provides the ifluatex switch (HO)
Package ifluatex Info: LuaTeX not detected.
Package hobsub Info: Skipping package `ifvtex' (already loaded).
Package: intcalc 2016/05/16 v1.2 Expandable calculations with integers (HO)
Package hobsub Info: Skipping package `ifpdf' (already loaded).
Package: etexcmds 2016/05/16 v1.6 Avoid name clashes with e-TeX commands (HO)
Package etexcmds Info: Could not find \expanded.
(etexcmds)             That can mean that you are not using pdfTeX 1.50 or
(etexcmds)             that some package has redefined \expanded.
(etexcmds)             In the latter case, load this package earlier.
Package: kvsetkeys 2016/05/16 v1.17 Key value parser (HO)
Package: kvdefinekeys 2016/05/16 v1.4 Define keys (HO)
Package: pdftexcmds 2018/01/21 v0.26 Utility functions of pdfTeX for LuaTeX (HO
)
Package pdftexcmds Info: LuaTeX not detected.
Package pdftexcmds Info: \pdf@primitive is available.
Package pdftexcmds Info: \pdf@ifprimitive is available.
Package pdftexcmds Info: \pdfdraftmode found.
Package: pdfescape 2016/05/16 v1.14 Implements pdfTeX's escape features (HO)
Package: bigintcalc 2016/05/16 v1.4 Expandable calculations on big integers (HO
)
Package: bitset 2016/05/16 v1.2 Handle bit-vector datatype (HO)
Package: uniquecounter 2016/05/16 v1.3 Provide unlimited unique counter (HO)
)
Package hobsub Info: Skipping package `hobsub' (already loaded).
Package: letltxmacro 2016/05/16 v1.5 Let assignment for LaTeX macros (HO)
Package: hopatch 2016/05/16 v1.3 Wrapper for package hooks (HO)
Package: xcolor-patch 2016/05/16 xcolor patch
Package: atveryend 2016/05/16 v1.9 Hooks at the very end of document (HO)
Package atveryend Info: \enddocument detected (standard20110627).
Package: atbegshi 2016/06/09 v1.18 At begin shipout hook (HO)
Package: refcount 2016/05/16 v3.5 Data extraction from label references (HO)
Package: hycolor 2016/05/16 v1.8 Color options for hyperref/bookmark (HO)
)
(c:/Users/Marcus.SCCWRP2K/AppData/Roaming/TinyTeX/texmf-dist/tex/latex/oberdiek
/auxhook.sty
Package: auxhook 2016/05/16 v1.4 Hooks for auxiliary files (HO)
)
(c:/Users/Marcus.SCCWRP2K/AppData/Roaming/TinyTeX/texmf-dist/tex/latex/oberdiek
/kvoptions.sty
Package: kvoptions 2016/05/16 v3.12 Key value format for package options (HO)
)
\@linkdim=\dimen117
\Hy@linkcounter=\count90
\Hy@pagecounter=\count91

(c:/Users/Marcus.SCCWRP2K/AppData/Roaming/TinyTeX/texmf-dist/tex/latex/hyperref
/pd1enc.def
File: pd1enc.def 2017/03/14 v6.85a Hyperref: PDFDocEncoding definition (HO)
)
\Hy@SavedSpaceFactor=\count92

(c:/Users/Marcus.SCCWRP2K/AppData/Roaming/TinyTeX/texmf-dist/tex/latex/latexcon
fig/hyperref.cfg
File: hyperref.cfg 2002/06/06 v1.2 hyperref configuration of TeXLive
)
Package hyperref Info: Option `colorlinks' set `true' on input line 4374.
Package hyperref Info: Hyper figures OFF on input line 4498.
Package hyperref Info: Link nesting OFF on input line 4503.
Package hyperref Info: Hyper index ON on input line 4506.
Package hyperref Info: Plain pages OFF on input line 4513.
Package hyperref Info: Backreferencing OFF on input line 4518.
Package hyperref Info: Implicit mode ON; LaTeX internals redefined.
Package hyperref Info: Bookmarks ON on input line 4751.
\c@Hy@tempcnt=\count93

(c:/Users/Marcus.SCCWRP2K/AppData/Roaming/TinyTeX/texmf-dist/tex/latex/url/url.
sty
\Urlmuskip=\muskip10
Package: url 2013/09/16  ver 3.4  Verb mode for urls, etc.
)
LaTeX Info: Redefining \url on input line 5104.
\XeTeXLinkMargin=\dimen118
\Fld@menulength=\count94
\Field@Width=\dimen119
\Fld@charsize=\dimen120
Package hyperref Info: Hyper figures OFF on input line 6358.
Package hyperref Info: Link nesting OFF on input line 6363.
Package hyperref Info: Hyper index ON on input line 6366.
Package hyperref Info: backreferencing OFF on input line 6373.
Package hyperref Info: Link coloring ON on input line 6376.
Package hyperref Info: Link coloring with OCG OFF on input line 6383.
Package hyperref Info: PDF/A mode OFF on input line 6388.
LaTeX Info: Redefining \ref on input line 6428.
LaTeX Info: Redefining \pageref on input line 6432.
\Hy@abspage=\count95
\c@Item=\count96
\c@Hfootnote=\count97
)

Package hyperref Message: Driver (autodetected): hpdftex.


(c:/Users/Marcus.SCCWRP2K/AppData/Roaming/TinyTeX/texmf-dist/tex/latex/hyperref
/hpdftex.def
File: hpdftex.def 2017/03/14 v6.85a Hyperref driver for pdfTeX
\Fld@listcount=\count98
\c@bookmark@seq@number=\count99

(c:/Users/Marcus.SCCWRP2K/AppData/Roaming/TinyTeX/texmf-dist/tex/latex/oberdiek
/rerunfilecheck.sty
Package: rerunfilecheck 2016/05/16 v1.8 Rerun checks for auxiliary files (HO)
Package uniquecounter Info: New unique counter `rerunfilecheck' on input line 2
82.
)
\Hy@SectionHShift=\skip44
)
(c:/Users/Marcus.SCCWRP2K/AppData/Roaming/TinyTeX/texmf-dist/tex/latex/xcolor/x
color.sty
Package: xcolor 2016/05/11 v2.12 LaTeX color extensions (UK)

(c:/Users/Marcus.SCCWRP2K/AppData/Roaming/TinyTeX/texmf-dist/tex/latex/graphics
-cfg/color.cfg
File: color.cfg 2016/01/02 v1.6 sample color configuration
)
Package xcolor Info: Package option `usenames' ignored on input line 216.
Package xcolor Info: Driver file: pdftex.def on input line 225.
LaTeX Info: Redefining \color on input line 709.
Package xcolor Info: Model `cmy' substituted by `cmy0' on input line 1348.
Package xcolor Info: Model `hsb' substituted by `rgb' on input line 1352.
Package xcolor Info: Model `RGB' extended on input line 1364.
Package xcolor Info: Model `HTML' substituted by `rgb' on input line 1366.
Package xcolor Info: Model `Hsb' substituted by `hsb' on input line 1367.
Package xcolor Info: Model `tHsb' substituted by `hsb' on input line 1368.
Package xcolor Info: Model `HSB' substituted by `hsb' on input line 1369.
Package xcolor Info: Model `Gray' substituted by `gray' on input line 1370.
Package xcolor Info: Model `wave' substituted by `hsb' on input line 1371.

(c:/Users/Marcus.SCCWRP2K/AppData/Roaming/TinyTeX/texmf-dist/tex/latex/graphics
/dvipsnam.def
File: dvipsnam.def 2016/06/17 v3.0m Driver-dependent file (DPC,SPQR)
))
(c:/Users/Marcus.SCCWRP2K/AppData/Roaming/TinyTeX/texmf-dist/tex/latex/tools/in
dentfirst.sty
Package: indentfirst 1995/11/23 v1.03 Indent first paragraph (DPC)
)
(c:/Users/Marcus.SCCWRP2K/AppData/Roaming/TinyTeX/texmf-dist/tex/latex/titlesec
/titlesec.sty
Package: titlesec 2016/03/21 v2.10.2 Sectioning titles
\ttl@box=\box26
\beforetitleunit=\skip45
\aftertitleunit=\skip46
\ttl@plus=\dimen121
\ttl@minus=\dimen122
\ttl@toksa=\toks16
\titlewidth=\dimen123
\titlewidthlast=\dimen124
\titlewidthfirst=\dimen125
)
(c:/Users/Marcus.SCCWRP2K/AppData/Roaming/TinyTeX/texmf-dist/tex/latex/multirow
/multirow.sty
Package: multirow 2016/11/25 v2.2 Span multiple rows of a table
\multirow@colwidth=\skip47
\multirow@cntb=\count100
\multirow@dima=\skip48
\bigstrutjot=\dimen126
)
(c:/Users/Marcus.SCCWRP2K/AppData/Roaming/TinyTeX/texmf-dist/tex/latex/booktabs
/booktabs.sty
Package: booktabs 2016/04/27 v1.618033 publication quality tables
\heavyrulewidth=\dimen127
\lightrulewidth=\dimen128
\cmidrulewidth=\dimen129
\belowrulesep=\dimen130
\belowbottomsep=\dimen131
\aboverulesep=\dimen132
\abovetopsep=\dimen133
\cmidrulesep=\dimen134
\cmidrulekern=\dimen135
\defaultaddspace=\dimen136
\@cmidla=\count101
\@cmidlb=\count102
\@aboverulesep=\dimen137
\@belowrulesep=\dimen138
\@thisruleclass=\count103
\@lastruleclass=\count104
\@thisrulewidth=\dimen139
)
(c:/Users/Marcus.SCCWRP2K/AppData/Roaming/TinyTeX/texmf-dist/tex/latex/outlines
/outlines.sty
Package: outlines 2012/1/23 1.1 Ch. Pecheur

(c:/Users/Marcus.SCCWRP2K/AppData/Roaming/TinyTeX/texmf-dist/tex/latex/base/ift
hen.sty
Package: ifthen 2014/09/29 v1.1c Standard LaTeX ifthen package (DPC)
))
(c:/Users/Marcus.SCCWRP2K/AppData/Roaming/TinyTeX/texmf-dist/tex/latex/lineno/l
ineno.sty
Package: lineno 2005/11/02 line numbers on paragraphs v4.41
\linenopenalty=\count105
\output=\toks17
\linenoprevgraf=\count106
\linenumbersep=\dimen140
\linenumberwidth=\dimen141
\c@linenumber=\count107
\c@pagewiselinenumber=\count108
\c@LN@truepage=\count109
\c@internallinenumber=\count110
\c@internallinenumbers=\count111
\quotelinenumbersep=\dimen142
\bframerule=\dimen143
\bframesep=\dimen144
\bframebox=\box27
LaTeX Info: Redefining \\ on input line 3056.
)
(c:/Users/Marcus.SCCWRP2K/AppData/Roaming/TinyTeX/texmf-dist/tex/latex/cleveref
/cleveref.sty
Package: cleveref 2013/12/28 v0.19 Intelligent cross-referencing
Package cleveref Info: `hyperref' support loaded on input line 2230.
LaTeX Info: Redefining \cref on input line 2230.
LaTeX Info: Redefining \Cref on input line 2230.
LaTeX Info: Redefining \crefrange on input line 2230.
LaTeX Info: Redefining \Crefrange on input line 2230.
LaTeX Info: Redefining \cpageref on input line 2230.
LaTeX Info: Redefining \Cpageref on input line 2230.
LaTeX Info: Redefining \cpagerefrange on input line 2230.
LaTeX Info: Redefining \Cpagerefrange on input line 2230.
LaTeX Info: Redefining \labelcref on input line 2230.
LaTeX Info: Redefining \labelcpageref on input line 2230.
)
(c:/Users/Marcus.SCCWRP2K/AppData/Roaming/TinyTeX/texmf-dist/tex/latex/acronym/
acronym.sty
Package: acronym 2015/03/21 v1.41 Support for acronyms (Tobias Oetiker)

(c:/Users/Marcus.SCCWRP2K/AppData/Roaming/TinyTeX/texmf-dist/tex/latex/bigfoot/
suffix.sty
Package: suffix 2006/07/15 1.5a Variant command support
)
(c:/Users/Marcus.SCCWRP2K/AppData/Roaming/TinyTeX/texmf-dist/tex/generic/xstrin
g/xstring.sty
(c:/Users/Marcus.SCCWRP2K/AppData/Roaming/TinyTeX/texmf-dist/tex/generic/xstrin
g/xstring.tex
\@xs@message=\write3
\integerpart=\count112
\decimalpart=\count113
)
Package: xstring 2013/10/13  v1.7c  String manipulations (C Tellechea)
)
\AC@clearlist=\toks18
)
(c:/Users/Marcus.SCCWRP2K/AppData/Roaming/TinyTeX/texmf-dist/tex/latex/subfig/s
ubfig.sty
Package: subfig 2005/06/28 ver: 1.3 subfig package

(c:/Users/Marcus.SCCWRP2K/AppData/Roaming/TinyTeX/texmf-dist/tex/latex/caption/
caption.sty
Package: caption 2016/02/21 v3.3-144 Customizing captions (AR)

(c:/Users/Marcus.SCCWRP2K/AppData/Roaming/TinyTeX/texmf-dist/tex/latex/caption/
caption3.sty
Package: caption3 2016/05/22 v1.7-166 caption3 kernel (AR)
Package caption3 Info: TeX engine: e-TeX on input line 67.
\captionmargin=\dimen145
\captionmargin@=\dimen146
\captionwidth=\dimen147
\caption@tempdima=\dimen148
\caption@indent=\dimen149
\caption@parindent=\dimen150
\caption@hangindent=\dimen151
)
\c@ContinuedFloat=\count114
Package caption Info: hyperref package is loaded.
)
\c@KVtest=\count115
\sf@farskip=\skip49
\sf@captopadj=\dimen152
\sf@capskip=\skip50
\sf@nearskip=\skip51
\c@subfigure=\count116
\c@subfigure@save=\count117
\c@lofdepth=\count118
\c@subtable=\count119
\c@subtable@save=\count120
\c@lotdepth=\count121
\sf@top=\skip52
\sf@bottom=\skip53
)
(c:/Users/Marcus.SCCWRP2K/AppData/Roaming/TinyTeX/texmf-dist/tex/latex/paralist
/paralist.sty
Package: paralist 2017/01/22 v2.7 Extended list environments
\pltopsep=\skip54
\plpartopsep=\skip55
\plitemsep=\skip56
\plparsep=\skip57
\pl@lab=\toks19
) (c:/PROGRA~1/R/R-34~1.3/share/texmf/tex/latex/Sweave.sty
Package: Sweave 

(c:/Users/Marcus.SCCWRP2K/AppData/Roaming/TinyTeX/texmf-dist/tex/latex/fancyvrb
/fancyvrb.sty
Package: fancyvrb 2008/02/07

Style option: `fancyvrb' v2.7a, with DG/SPQR fixes, and firstline=lastline fix 
<2008/02/07> (tvz)
\FV@CodeLineNo=\count122
\FV@InFile=\read1
\FV@TabBox=\box28
\c@FancyVerbLine=\count123
\FV@StepNumber=\count124
\FV@OutFile=\write4
)
(c:/Users/Marcus.SCCWRP2K/AppData/Roaming/TinyTeX/texmf-dist/tex/latex/base/tex
tcomp.sty
Package: textcomp 2017/04/05 v2.0i Standard LaTeX package
Package textcomp Info: Sub-encoding information:
(textcomp)               5 = only ISO-Adobe without \textcurrency
(textcomp)               4 = 5 + \texteuro
(textcomp)               3 = 4 + \textohm
(textcomp)               2 = 3 + \textestimated + \textcurrency
(textcomp)               1 = TS1 - \textcircled - \t
(textcomp)               0 = TS1 (full)
(textcomp)             Font families with sub-encoding setting implement
(textcomp)             only a restricted character set as indicated.
(textcomp)             Family '?' is the default used for unknown fonts.
(textcomp)             See the documentation for details.
Package textcomp Info: Setting ? sub-encoding to TS1/1 on input line 79.

(c:/Users/Marcus.SCCWRP2K/AppData/Roaming/TinyTeX/texmf-dist/tex/latex/base/ts1
enc.def
File: ts1enc.def 2001/06/05 v3.0e (jk/car/fm) Standard LaTeX file
)
LaTeX Info: Redefining \oldstylenums on input line 334.
Package textcomp Info: Setting cmr sub-encoding to TS1/0 on input line 349.
Package textcomp Info: Setting cmss sub-encoding to TS1/0 on input line 350.
Package textcomp Info: Setting cmtt sub-encoding to TS1/0 on input line 351.
Package textcomp Info: Setting cmvtt sub-encoding to TS1/0 on input line 352.
Package textcomp Info: Setting cmbr sub-encoding to TS1/0 on input line 353.
Package textcomp Info: Setting cmtl sub-encoding to TS1/0 on input line 354.
Package textcomp Info: Setting ccr sub-encoding to TS1/0 on input line 355.
Package textcomp Info: Setting ptm sub-encoding to TS1/4 on input line 356.
Package textcomp Info: Setting pcr sub-encoding to TS1/4 on input line 357.
Package textcomp Info: Setting phv sub-encoding to TS1/4 on input line 358.
Package textcomp Info: Setting ppl sub-encoding to TS1/3 on input line 359.
Package textcomp Info: Setting pag sub-encoding to TS1/4 on input line 360.
Package textcomp Info: Setting pbk sub-encoding to TS1/4 on input line 361.
Package textcomp Info: Setting pnc sub-encoding to TS1/4 on input line 362.
Package textcomp Info: Setting pzc sub-encoding to TS1/4 on input line 363.
Package textcomp Info: Setting bch sub-encoding to TS1/4 on input line 364.
Package textcomp Info: Setting put sub-encoding to TS1/5 on input line 365.
Package textcomp Info: Setting uag sub-encoding to TS1/5 on input line 366.
Package textcomp Info: Setting ugq sub-encoding to TS1/5 on input line 367.
Package textcomp Info: Setting ul8 sub-encoding to TS1/4 on input line 368.
Package textcomp Info: Setting ul9 sub-encoding to TS1/4 on input line 369.
Package textcomp Info: Setting augie sub-encoding to TS1/5 on input line 370.
Package textcomp Info: Setting dayrom sub-encoding to TS1/3 on input line 371.
Package textcomp Info: Setting dayroms sub-encoding to TS1/3 on input line 372.

Package textcomp Info: Setting pxr sub-encoding to TS1/0 on input line 373.
Package textcomp Info: Setting pxss sub-encoding to TS1/0 on input line 374.
Package textcomp Info: Setting pxtt sub-encoding to TS1/0 on input line 375.
Package textcomp Info: Setting txr sub-encoding to TS1/0 on input line 376.
Package textcomp Info: Setting txss sub-encoding to TS1/0 on input line 377.
Package textcomp Info: Setting txtt sub-encoding to TS1/0 on input line 378.
Package textcomp Info: Setting lmr sub-encoding to TS1/0 on input line 379.
Package textcomp Info: Setting lmdh sub-encoding to TS1/0 on input line 380.
Package textcomp Info: Setting lmss sub-encoding to TS1/0 on input line 381.
Package textcomp Info: Setting lmssq sub-encoding to TS1/0 on input line 382.
Package textcomp Info: Setting lmvtt sub-encoding to TS1/0 on input line 383.
Package textcomp Info: Setting lmtt sub-encoding to TS1/0 on input line 384.
Package textcomp Info: Setting qhv sub-encoding to TS1/0 on input line 385.
Package textcomp Info: Setting qag sub-encoding to TS1/0 on input line 386.
Package textcomp Info: Setting qbk sub-encoding to TS1/0 on input line 387.
Package textcomp Info: Setting qcr sub-encoding to TS1/0 on input line 388.
Package textcomp Info: Setting qcs sub-encoding to TS1/0 on input line 389.
Package textcomp Info: Setting qpl sub-encoding to TS1/0 on input line 390.
Package textcomp Info: Setting qtm sub-encoding to TS1/0 on input line 391.
Package textcomp Info: Setting qzc sub-encoding to TS1/0 on input line 392.
Package textcomp Info: Setting qhvc sub-encoding to TS1/0 on input line 393.
Package textcomp Info: Setting futs sub-encoding to TS1/4 on input line 394.
Package textcomp Info: Setting futx sub-encoding to TS1/4 on input line 395.
Package textcomp Info: Setting futj sub-encoding to TS1/4 on input line 396.
Package textcomp Info: Setting hlh sub-encoding to TS1/3 on input line 397.
Package textcomp Info: Setting hls sub-encoding to TS1/3 on input line 398.
Package textcomp Info: Setting hlst sub-encoding to TS1/3 on input line 399.
Package textcomp Info: Setting hlct sub-encoding to TS1/5 on input line 400.
Package textcomp Info: Setting hlx sub-encoding to TS1/5 on input line 401.
Package textcomp Info: Setting hlce sub-encoding to TS1/5 on input line 402.
Package textcomp Info: Setting hlcn sub-encoding to TS1/5 on input line 403.
Package textcomp Info: Setting hlcw sub-encoding to TS1/5 on input line 404.
Package textcomp Info: Setting hlcf sub-encoding to TS1/5 on input line 405.
Package textcomp Info: Setting pplx sub-encoding to TS1/3 on input line 406.
Package textcomp Info: Setting pplj sub-encoding to TS1/3 on input line 407.
Package textcomp Info: Setting ptmx sub-encoding to TS1/4 on input line 408.
Package textcomp Info: Setting ptmj sub-encoding to TS1/4 on input line 409.
))
(c:/Users/Marcus.SCCWRP2K/AppData/Roaming/TinyTeX/texmf-dist/tex/latex/natbib/n
atbib.sty
Package: natbib 2010/09/13 8.31b (PWD, AO)
\bibhang=\skip58
\bibsep=\skip59
LaTeX Info: Redefining \cite on input line 694.
\c@NAT@ctr=\count125
)
(c:/Users/Marcus.SCCWRP2K/AppData/Roaming/TinyTeX/texmf-dist/tex/latex/upquote/
upquote.sty
Package: upquote 2012/04/19 v1.3 upright-quote and grave-accent glyphs in verba
tim
) (./sftrends_manu.aux

LaTeX Warning: Label `acro:wrtds@cref' multiply defined.

)
\openout1 = `sftrends_manu.aux'.

LaTeX Font Info:    Checking defaults for OML/cmm/m/it on input line 119.
LaTeX Font Info:    ... okay on input line 119.
LaTeX Font Info:    Checking defaults for T1/cmr/m/n on input line 119.
LaTeX Font Info:    ... okay on input line 119.
LaTeX Font Info:    Checking defaults for OT1/cmr/m/n on input line 119.
LaTeX Font Info:    ... okay on input line 119.
LaTeX Font Info:    Checking defaults for OMS/cmsy/m/n on input line 119.
LaTeX Font Info:    ... okay on input line 119.
LaTeX Font Info:    Checking defaults for OMX/cmex/m/n on input line 119.
LaTeX Font Info:    ... okay on input line 119.
LaTeX Font Info:    Checking defaults for U/cmr/m/n on input line 119.
LaTeX Font Info:    ... okay on input line 119.
LaTeX Font Info:    Checking defaults for PD1/pdf/m/n on input line 119.
LaTeX Font Info:    ... okay on input line 119.
LaTeX Font Info:    Checking defaults for TS1/cmr/m/n on input line 119.
LaTeX Font Info:    Try loading font information for TS1+cmr on input line 119.


(c:/Users/Marcus.SCCWRP2K/AppData/Roaming/TinyTeX/texmf-dist/tex/latex/base/ts1
cmr.fd
File: ts1cmr.fd 2014/09/29 v2.5h Standard LaTeX font definitions
)
LaTeX Font Info:    ... okay on input line 119.

(c:/Users/Marcus.SCCWRP2K/AppData/Roaming/TinyTeX/texmf-dist/tex/latex/oberdiek
/epstopdf-base.sty
Package: epstopdf-base 2016/05/15 v2.6 Base part for package epstopdf

(c:/Users/Marcus.SCCWRP2K/AppData/Roaming/TinyTeX/texmf-dist/tex/latex/oberdiek
/grfext.sty
Package: grfext 2016/05/16 v1.2 Manage graphics extensions (HO)
)
Package epstopdf-base Info: Redefining graphics rule for `.eps' on input line 4
38.
Package grfext Info: Graphics extension search list:
(grfext)             [.pdf,.png,.jpg,.mps,.jpeg,.jbig2,.jb2,.PDF,.PNG,.JPG,.JPE
G,.JBIG2,.JB2,.eps]
(grfext)             \AppendGraphicsExtensions on input line 456.

(c:/Users/Marcus.SCCWRP2K/AppData/Roaming/TinyTeX/texmf-dist/tex/latex/latexcon
fig/epstopdf-sys.cfg
File: epstopdf-sys.cfg 2010/07/13 v1.3 Configuration of (r)epstopdf for TeX Liv
e
))
*geometry* driver: auto-detecting
*geometry* detected driver: pdftex
*geometry* verbose mode - [ preamble ] result:
* driver: pdftex
* paper: custom
* layout: <same size as paper>
* layoutoffset:(h,v)=(0.0pt,0.0pt)
* modes: 
* h-part:(L,W,R)=(72.26999pt, 469.75502pt, 72.26999pt)
* v-part:(T,H,B)=(72.26999pt, 650.43001pt, 72.26999pt)
* \paperwidth=614.295pt
* \paperheight=794.96999pt
* \textwidth=469.75502pt
* \textheight=650.43001pt
* \oddsidemargin=0.0pt
* \evensidemargin=0.0pt
* \topmargin=-37.0pt
* \headheight=12.0pt
* \headsep=25.0pt
* \topskip=12.0pt
* \footskip=36.135pt
* \marginparwidth=44.0pt
* \marginparsep=10.0pt
* \columnsep=10.0pt
* \skip\footins=10.8pt plus 4.0pt minus 2.0pt
* \hoffset=0.0pt
* \voffset=0.0pt
* \mag=1000
* \@twocolumnfalse
* \@twosidefalse
* \@mparswitchfalse
* \@reversemarginfalse
* (1in=72.27pt=25.4mm, 1cm=28.453pt)

\AtBeginShipoutBox=\box29
Package hyperref Info: Link coloring ON on input line 119.

(c:/Users/Marcus.SCCWRP2K/AppData/Roaming/TinyTeX/texmf-dist/tex/latex/hyperref
/nameref.sty
Package: nameref 2016/05/21 v2.44 Cross-referencing by name of section

(c:/Users/Marcus.SCCWRP2K/AppData/Roaming/TinyTeX/texmf-dist/tex/generic/oberdi
ek/gettitlestring.sty
Package: gettitlestring 2016/05/16 v1.5 Cleanup title references (HO)
)
\c@section@level=\count126
)
LaTeX Info: Redefining \ref on input line 119.
LaTeX Info: Redefining \pageref on input line 119.
LaTeX Info: Redefining \nameref on input line 119.
 (./sftrends_manu.out) (./sftrends_manu.out)
\@outlinefile=\write5
\openout5 = `sftrends_manu.out'.

Package caption Info: Begin \AtBeginDocument code.
Package caption Info: subfig package v1.3 is loaded.
Package caption Info: End \AtBeginDocument code.
LaTeX Font Info:    External font `cmex10' loaded for size
(Font)              <14.4> on input line 146.
LaTeX Font Info:    External font `cmex10' loaded for size
(Font)              <7> on input line 146.
LaTeX Font Info:    External font `cmex10' loaded for size
(Font)              <12> on input line 146.
LaTeX Font Info:    External font `cmex10' loaded for size
(Font)              <8> on input line 146.
LaTeX Font Info:    External font `cmex10' loaded for size
(Font)              <6> on input line 146.

Overfull \hbox (20.89397pt too wide) in paragraph at lines 146--146
 [][] 
 []

[1

{c:/Users/Marcus.SCCWRP2K/AppData/Roaming/TinyTeX/texmf-var/fonts/map/pdftex/up
dmap/pdftex.map}]
Package acronym Info: Label `acro:wrtds' newly defined as it shall be overridde
n
although it is yet undefined on input line 150.
 [2

]
Package acronym Info: Label `acro:sfe' newly defined as it shall be overridden
although it is yet undefined on input line 157.
 [3] [4]
Package acronym Info: Label `acro:chla' newly defined as it shall be overridden

although it is yet undefined on input line 163.
Package acronym Info: Label `acro:wrtds' overridden on input line 165.
 [5] [6]
Package acronym Info: Label `acro:din' newly defined as it shall be overridden
although it is yet undefined on input line 179.
Package acronym Info: Label `acro:wwtp' newly defined as it shall be overridden

although it is yet undefined on input line 179.
 [7] [8] [9] [10] [11] [12] [13]
[14] [15] [16] [17] [18] [19] [20] [21] [22] [23] [24] [25]
(./sftrends_manu.bbl [26] [27] [28] [29] [30]) [31]

pdfTeX warning: pdflatex.exe (file ./figs/delt_map.pdf): PDF inclusion: found P
DF version <1.6>, but at most version <1.5> allowed
<figs/delt_map.pdf, id=567, page=1, 542.025pt x 534.48505pt>
File: figs/delt_map.pdf Graphic file (type pdf)
<use figs/delt_map.pdf, page 1>
Package pdftex.def Info: figs/delt_map.pdf , page1 used on input line 307.
(pdftex.def)             Requested size: 375.80544pt x 370.5893pt.
<figs/obsdat-1.pdf, id=576, 433.62pt x 542.025pt>
File: figs/obsdat-1.pdf Graphic file (type pdf)
<use figs/obsdat-1.pdf>
Package pdftex.def Info: figs/obsdat-1.pdf  used on input line 314.
(pdftex.def)             Requested size: 422.77664pt x 528.50119pt.
<figs/prddat-1.pdf, id=579, 578.16pt x 578.16pt>
File: figs/prddat-1.pdf Graphic file (type pdf)
<use figs/prddat-1.pdf>
Package pdftex.def Info: figs/prddat-1.pdf  used on input line 325.
(pdftex.def)             Requested size: 469.75502pt x 469.75385pt.
<figs/trndcomp1.pdf, id=582, page=1, 650.43pt x 361.35pt>
File: figs/trndcomp1.pdf Graphic file (type pdf)
<use figs/trndcomp1.pdf, page 1>
Package pdftex.def Info: figs/trndcomp1.pdf , page1 used on input line 338.
(pdftex.def)             Requested size: 469.75502pt x 260.98232pt.
<figs/stock-1.pdf, id=587, 578.16pt x 216.81pt>
File: figs/stock-1.pdf Graphic file (type pdf)
<use figs/stock-1.pdf>
Package pdftex.def Info: figs/stock-1.pdf  used on input line 345.
(pdftex.def)             Requested size: 469.75502pt x 176.15768pt.
<figs/p8trnds-1.pdf, id=588, 650.43pt x 578.16pt>
File: figs/p8trnds-1.pdf Graphic file (type pdf)
<use figs/p8trnds-1.pdf>
Package pdftex.def Info: figs/p8trnds-1.pdf  used on input line 356.
(pdftex.def)             Requested size: 469.75502pt x 417.57172pt.
<figs/clmchl-1.pdf, id=591, 578.16pt x 671.50874pt>
File: figs/clmchl-1.pdf Graphic file (type pdf)
<use figs/clmchl-1.pdf>
Package pdftex.def Info: figs/clmchl-1.pdf  used on input line 367.
(pdftex.def)             Requested size: 422.77664pt x 491.03752pt.
[32 <./figs/delt_map.pdf>] [33 <./figs/obsdat-1.pdf>] [34 <./figs/prddat-1.pdf>
] [35 <./figs/trndcomp1.pdf> <./figs/stock-1.pdf>] [36 <./figs/p8trnds-1.pdf>]
[37 <./figs/clmchl-1.pdf>] [38] [39] [40]
<figs/trndcomp2.pdf, id=745, page=1, 650.43pt x 578.16pt>
File: figs/trndcomp2.pdf Graphic file (type pdf)
<use figs/trndcomp2.pdf, page 1>
Package pdftex.def Info: figs/trndcomp2.pdf , page1 used on input line 499.
(pdftex.def)             Requested size: 469.75502pt x 417.57172pt.
<figs/trndcomp3.pdf, id=748, page=1, 650.43pt x 578.16pt>
File: figs/trndcomp3.pdf Graphic file (type pdf)
<use figs/trndcomp3.pdf, page 1>
Package pdftex.def Info: figs/trndcomp3.pdf , page1 used on input line 506.
(pdftex.def)             Requested size: 469.75502pt x 417.57172pt.
 [41 <./figs/trndcomp2.pdf>] [42 <./figs/trndcomp3.pdf>]

LaTeX Warning: Text page 43 contains only floats.

[43




]

LaTeX Warning: Text page 44 contains only floats.

[44]
Package atveryend Info: Empty hook `BeforeClearDocument' on input line 615.
Package atveryend Info: Empty hook `AfterLastShipout' on input line 615.
 (./sftrends_manu.aux)
Package atveryend Info: Executing hook `AtVeryEndDocument' on input line 615.
Package atveryend Info: Executing hook `AtEndAfterFileList' on input line 615.
Package rerunfilecheck Info: File `sftrends_manu.out' has not changed.
(rerunfilecheck)             Checksum: 02701F95F39F263469A594CB1D513EC4;1173.


LaTeX Warning: There were multiply-defined labels.

Package atveryend Info: Empty hook `AtVeryVeryEnd' on input line 615.
 ) 
Here is how much of TeX's memory you used:
 11367 strings out of 494921
 185406 string characters out of 6178888
 312231 words of memory out of 5000000
 14396 multiletter control sequences out of 15000+600000
 11135 words of font info for 38 fonts, out of 8000000 for 9000
 14 hyphenation exceptions out of 8191
 44i,10n,48p,1961b,629s stack positions out of 5000i,500n,10000p,200000b,80000s
<c:/Users/Marcus.SCCWRP2K/AppData/Roaming/TinyTeX/texmf-dist/fonts/type1/publ
ic/amsfonts/cm/cmbx10.pfb><c:/Users/Marcus.SCCWRP2K/AppData/Roaming/TinyTeX/tex
mf-dist/fonts/type1/public/amsfonts/cm/cmbx12.pfb><c:/Users/Marcus.SCCWRP2K/App
Data/Roaming/TinyTeX/texmf-dist/fonts/type1/public/amsfonts/cm/cmbxti10.pfb><c:
/Users/Marcus.SCCWRP2K/AppData/Roaming/TinyTeX/texmf-dist/fonts/type1/public/am
sfonts/cm/cmmi12.pfb><c:/Users/Marcus.SCCWRP2K/AppData/Roaming/TinyTeX/texmf-di
st/fonts/type1/public/amsfonts/cm/cmr10.pfb><c:/Users/Marcus.SCCWRP2K/AppData/R
oaming/TinyTeX/texmf-dist/fonts/type1/public/amsfonts/cm/cmr12.pfb><c:/Users/Ma
rcus.SCCWRP2K/AppData/Roaming/TinyTeX/texmf-dist/fonts/type1/public/amsfonts/cm
/cmr8.pfb><c:/Users/Marcus.SCCWRP2K/AppData/Roaming/TinyTeX/texmf-dist/fonts/ty
pe1/public/amsfonts/cm/cmss8.pfb><c:/Users/Marcus.SCCWRP2K/AppData/Roaming/Tiny
TeX/texmf-dist/fonts/type1/public/amsfonts/cm/cmsy10.pfb><c:/Users/Marcus.SCCWR
P2K/AppData/Roaming/TinyTeX/texmf-dist/fonts/type1/public/amsfonts/cm/cmsy8.pfb
><c:/Users/Marcus.SCCWRP2K/AppData/Roaming/TinyTeX/texmf-dist/fonts/type1/publi
c/amsfonts/cm/cmti12.pfb>
Output written on sftrends_manu.pdf (44 pages, 1888426 bytes).
PDF statistics:
 862 PDF objects out of 1000 (max. 8388607)
 754 compressed objects within 8 object streams
 150 named destinations out of 1000 (max. 500000)
 182 words of extra memory for PDF output out of 10000 (max. 10000000)

